<?xml version="1.0" encoding="UTF-8"?>
<!-- Generated by org.testng.reporters.JUnitReportReporter -->
<testsuite name="com.crm.qa.testcases.LoginPageTest" tests="3" time="62.457" ignored="0" failures="0" timestamp="12 Jul 2018 11:45:45 GMT" skipped="0" hostname="ntc3-pc" errors="0">
  <testcase name="loginPageTitleTest" time="15.281" classname="com.crm.qa.testcases.LoginPageTest"/>
  <testcase name="validateCrmLogoTest" time="26.368" classname="com.crm.qa.testcases.LoginPageTest"/>
  <testcase name="loginTest" time="20.808" classname="com.crm.qa.testcases.LoginPageTest"/>
</testsuite> <!-- com.crm.qa.testcases.LoginPageTest -->
