<?xml version="1.0" encoding="UTF-8"?>
<!-- Generated by org.testng.reporters.JUnitReportReporter -->
<testsuite name="com.crm.qa.testcases.HomePageTest" tests="3" time="62.103" ignored="0" failures="0" timestamp="12 Jul 2018 11:45:45 GMT" skipped="0" hostname="ntc3-pc" errors="0">
  <testcase name="verifyContactsLinkTest" time="24.064" classname="com.crm.qa.testcases.HomePageTest"/>
  <testcase name="verifyuserNameTest" time="18.647" classname="com.crm.qa.testcases.HomePageTest"/>
  <testcase name="verifyHomePageTitleTest" time="19.392" classname="com.crm.qa.testcases.HomePageTest"/>
</testsuite> <!-- com.crm.qa.testcases.HomePageTest -->
