<?xml version="1.0" encoding="UTF-8"?>
<!-- Generated by org.testng.reporters.JUnitReportReporter -->
<testsuite name="com.crm.qa.testcases.LoginPageTest" tests="3" time="42.262" ignored="0" failures="0" timestamp="12 Jul 2018 12:49:58 GMT" skipped="0" hostname="ntc3-pc" errors="0">
  <testcase name="validateCrmLogoTest" time="10.842" classname="com.crm.qa.testcases.LoginPageTest"/>
  <testcase name="loginTest" time="20.809" classname="com.crm.qa.testcases.LoginPageTest"/>
  <testcase name="loginPageTitleTest" time="10.611" classname="com.crm.qa.testcases.LoginPageTest"/>
</testsuite> <!-- com.crm.qa.testcases.LoginPageTest -->
