<?xml version="1.0" encoding="UTF-8"?>
<!-- Generated by org.testng.reporters.JUnitReportReporter -->
<testsuite name="com.crm.qa.testcases.HomePageTest" tests="3" time="64.566" ignored="0" failures="0" timestamp="12 Jul 2018 12:49:58 GMT" skipped="0" hostname="ntc3-pc" errors="0">
  <testcase name="verifyContactsLinkTest" time="24.290" classname="com.crm.qa.testcases.HomePageTest"/>
  <testcase name="verifyHomePageTitleTest" time="20.802" classname="com.crm.qa.testcases.HomePageTest"/>
  <testcase name="verifyuserNameTest" time="19.474" classname="com.crm.qa.testcases.HomePageTest"/>
</testsuite> <!-- com.crm.qa.testcases.HomePageTest -->
